Flow report for skeleton
Thu Nov 07 23:09:00 2019
Quartus Prime Version 16.0.0 Build 211 04/27/2016 SJ Lite Edition


---------------------
; Table of Contents ;
---------------------
  1. Legal Notice
  2. Flow Summary
  3. Flow Settings
  4. Flow Non-Default Global Settings
  5. Flow Elapsed Time
  6. Flow OS Summary
  7. Flow Log
  8. Flow Messages
  9. Flow Suppressed Messages



----------------
; Legal Notice ;
----------------
Copyright (C) 1991-2016 Altera Corporation. All rights reserved.
Your use of Altera Corporation's design tools, logic functions 
and other software and tools, and its AMPP partner logic 
functions, and any output files from any of the foregoing 
(including device programming or simulation files), and any 
associated documentation or information are expressly subject 
to the terms and conditions of the Altera Program License 
Subscription Agreement, the Altera Quartus Prime License Agreement,
the Altera MegaCore Function License Agreement, or other 
applicable license agreement, including, without limitation, 
that your use is for the sole purpose of programming logic 
devices manufactured by Altera and sold by Altera or its 
authorized distributors.  Please refer to the applicable 
agreement for further details.



+----------------------------------------------------------------------------------+
; Flow Summary                                                                     ;
+------------------------------------+---------------------------------------------+
; Flow Status                        ; Successful - Thu Nov 07 23:09:00 2019       ;
; Quartus Prime Version              ; 16.0.0 Build 211 04/27/2016 SJ Lite Edition ;
; Revision Name                      ; skeleton                                    ;
; Top-level Entity Name              ; skeleton_temp                               ;
; Family                             ; Cyclone IV E                                ;
; Device                             ; EP4CE115F29C7                               ;
; Timing Models                      ; Final                                       ;
; Total logic elements               ; 2,581 / 114,480 ( 2 % )                     ;
;     Total combinational functions  ; 2,328 / 114,480 ( 2 % )                     ;
;     Dedicated logic registers      ; 1,026 / 114,480 ( < 1 % )                   ;
; Total registers                    ; 1026                                        ;
; Total pins                         ; 495 / 529 ( 94 % )                          ;
; Total virtual pins                 ; 0                                           ;
; Total memory bits                  ; 262,144 / 3,981,312 ( 7 % )                 ;
; Embedded Multiplier 9-bit elements ; 0 / 532 ( 0 % )                             ;
; Total PLLs                         ; 0 / 4 ( 0 % )                               ;
+------------------------------------+---------------------------------------------+


+-----------------------------------------+
; Flow Settings                           ;
+-------------------+---------------------+
; Option            ; Setting             ;
+-------------------+---------------------+
; Start date & time ; 11/07/2019 22:50:43 ;
; Main task         ; Compilation         ;
; Revision Name     ; skeleton            ;
+-------------------+---------------------+


+------------------------------------------------------------------------------------------------------------------------------+
; Flow Non-Default Global Settings                                                                                             ;
+-------------------------------------+---------------------------------------+---------------+---------------+----------------+
; Assignment Name                     ; Value                                 ; Default Value ; Entity Name   ; Section Id     ;
+-------------------------------------+---------------------------------------+---------------+---------------+----------------+
; COMPILER_SIGNATURE_ID               ; 172308997725990.157318504303960       ; --            ; --            ; --             ;
; EDA_OUTPUT_DATA_FORMAT              ; Verilog Hdl                           ; --            ; --            ; eda_simulation ;
; EDA_SIMULATION_TOOL                 ; ModelSim-Altera (Verilog)             ; <None>        ; --            ; --             ;
; EDA_TIME_SCALE                      ; 1 ps                                  ; --            ; --            ; eda_simulation ;
; MAX_CORE_JUNCTION_TEMP              ; 85                                    ; --            ; --            ; --             ;
; MIN_CORE_JUNCTION_TEMP              ; 0                                     ; --            ; --            ; --             ;
; NOMINAL_CORE_SUPPLY_VOLTAGE         ; 1.2V                                  ; --            ; --            ; --             ;
; PARTITION_COLOR                     ; 16764057                              ; --            ; skeleton_temp ; Top            ;
; PARTITION_FITTER_PRESERVATION_LEVEL ; PLACEMENT_AND_ROUTING                 ; --            ; skeleton_temp ; Top            ;
; PARTITION_NETLIST_TYPE              ; SOURCE                                ; --            ; skeleton_temp ; Top            ;
; POWER_BOARD_THERMAL_MODEL           ; None (CONSERVATIVE)                   ; --            ; --            ; --             ;
; POWER_PRESET_COOLING_SOLUTION       ; 23 MM HEAT SINK WITH 200 LFPM AIRFLOW ; --            ; --            ; --             ;
; PROJECT_OUTPUT_DIRECTORY            ; output_files                          ; --            ; --            ; --             ;
; TOP_LEVEL_ENTITY                    ; skeleton_temp                         ; skeleton      ; --            ; --             ;
+-------------------------------------+---------------------------------------+---------------+---------------+----------------+


+-------------------------------------------------------------------------------------------------------------------------------+
; Flow Elapsed Time                                                                                                             ;
+---------------------------+--------------+-------------------------+---------------------+------------------------------------+
; Module Name               ; Elapsed Time ; Average Processors Used ; Peak Virtual Memory ; Total CPU Time (on all processors) ;
+---------------------------+--------------+-------------------------+---------------------+------------------------------------+
; Analysis & Synthesis      ; 00:00:16     ; 1.0                     ; 5048 MB             ; 00:00:26                           ;
; Fitter                    ; 00:06:35     ; 1.0                     ; 6015 MB             ; 00:07:01                           ;
; Assembler                 ; 00:00:03     ; 1.0                     ; 4925 MB             ; 00:00:03                           ;
; TimeQuest Timing Analyzer ; 00:00:07     ; 1.1                     ; 5139 MB             ; 00:00:08                           ;
; EDA Netlist Writer        ; 00:00:03     ; 1.0                     ; 4931 MB             ; 00:00:03                           ;
; EDA Netlist Writer        ; 00:00:00     ; 1.0                     ; 4886 MB             ; 00:00:01                           ;
; EDA Netlist Writer        ; 00:00:03     ; 1.0                     ; 4932 MB             ; 00:00:03                           ;
; EDA Netlist Writer        ; 00:00:01     ; 1.0                     ; 4886 MB             ; 00:00:01                           ;
; EDA Netlist Writer        ; 00:00:03     ; 1.0                     ; 4933 MB             ; 00:00:03                           ;
; EDA Netlist Writer        ; 00:00:01     ; 1.0                     ; 4886 MB             ; 00:00:01                           ;
; EDA Netlist Writer        ; 00:00:03     ; 1.0                     ; 4932 MB             ; 00:00:03                           ;
; EDA Netlist Writer        ; 00:00:01     ; 1.0                     ; 4886 MB             ; 00:00:01                           ;
; EDA Netlist Writer        ; 00:00:03     ; 1.0                     ; 4931 MB             ; 00:00:03                           ;
; EDA Netlist Writer        ; 00:00:01     ; 1.0                     ; 4886 MB             ; 00:00:01                           ;
; EDA Netlist Writer        ; 00:00:03     ; 1.0                     ; 4932 MB             ; 00:00:03                           ;
; EDA Netlist Writer        ; 00:00:01     ; 1.0                     ; 4886 MB             ; 00:00:01                           ;
; EDA Netlist Writer        ; 00:00:03     ; 1.0                     ; 4933 MB             ; 00:00:03                           ;
; EDA Netlist Writer        ; 00:00:01     ; 1.0                     ; 4886 MB             ; 00:00:01                           ;
; EDA Netlist Writer        ; 00:00:04     ; 1.0                     ; 4933 MB             ; 00:00:03                           ;
; EDA Netlist Writer        ; 00:00:00     ; 1.0                     ; 4886 MB             ; 00:00:01                           ;
; EDA Netlist Writer        ; 00:00:01     ; 1.0                     ; 4898 MB             ; 00:00:01                           ;
; Total                     ; 00:07:33     ; --                      ; --                  ; 00:08:11                           ;
+---------------------------+--------------+-------------------------+---------------------+------------------------------------+


+----------------------------------------------------------------------------------------+
; Flow OS Summary                                                                        ;
+---------------------------+------------------+-----------+------------+----------------+
; Module Name               ; Machine Hostname ; OS Name   ; OS Version ; Processor type ;
+---------------------------+------------------+-----------+------------+----------------+
; Analysis & Synthesis      ; DESKTOP-5H04DV5  ; Windows 8 ; 6.2        ; x86_64         ;
; Fitter                    ; DESKTOP-5H04DV5  ; Windows 8 ; 6.2        ; x86_64         ;
; Assembler                 ; DESKTOP-5H04DV5  ; Windows 8 ; 6.2        ; x86_64         ;
; TimeQuest Timing Analyzer ; DESKTOP-5H04DV5  ; Windows 8 ; 6.2        ; x86_64         ;
; EDA Netlist Writer        ; DESKTOP-5H04DV5  ; Windows 8 ; 6.2        ; x86_64         ;
; EDA Netlist Writer        ; DESKTOP-5H04DV5  ; Windows 8 ; 6.2        ; x86_64         ;
; EDA Netlist Writer        ; DESKTOP-5H04DV5  ; Windows 8 ; 6.2        ; x86_64         ;
; EDA Netlist Writer        ; DESKTOP-5H04DV5  ; Windows 8 ; 6.2        ; x86_64         ;
; EDA Netlist Writer        ; DESKTOP-5H04DV5  ; Windows 8 ; 6.2        ; x86_64         ;
; EDA Netlist Writer        ; DESKTOP-5H04DV5  ; Windows 8 ; 6.2        ; x86_64         ;
; EDA Netlist Writer        ; DESKTOP-5H04DV5  ; Windows 8 ; 6.2        ; x86_64         ;
; EDA Netlist Writer        ; DESKTOP-5H04DV5  ; Windows 8 ; 6.2        ; x86_64         ;
; EDA Netlist Writer        ; DESKTOP-5H04DV5  ; Windows 8 ; 6.2        ; x86_64         ;
; EDA Netlist Writer        ; DESKTOP-5H04DV5  ; Windows 8 ; 6.2        ; x86_64         ;
; EDA Netlist Writer        ; DESKTOP-5H04DV5  ; Windows 8 ; 6.2        ; x86_64         ;
; EDA Netlist Writer        ; DESKTOP-5H04DV5  ; Windows 8 ; 6.2        ; x86_64         ;
; EDA Netlist Writer        ; DESKTOP-5H04DV5  ; Windows 8 ; 6.2        ; x86_64         ;
; EDA Netlist Writer        ; DESKTOP-5H04DV5  ; Windows 8 ; 6.2        ; x86_64         ;
; EDA Netlist Writer        ; DESKTOP-5H04DV5  ; Windows 8 ; 6.2        ; x86_64         ;
; EDA Netlist Writer        ; DESKTOP-5H04DV5  ; Windows 8 ; 6.2        ; x86_64         ;
; EDA Netlist Writer        ; DESKTOP-5H04DV5  ; Windows 8 ; 6.2        ; x86_64         ;
+---------------------------+------------------+-----------+------------+----------------+


------------
; Flow Log ;
------------
quartus_map --read_settings_files=on --write_settings_files=off skeleton -c skeleton
quartus_fit --read_settings_files=off --write_settings_files=off skeleton -c skeleton
quartus_asm --read_settings_files=off --write_settings_files=off skeleton -c skeleton
quartus_sta skeleton -c skeleton
quartus_eda --read_settings_files=off --write_settings_files=off skeleton -c skeleton
quartus_eda --gen_testbench --tool=modelsim_oem --format=verilog --write_settings_files=off skeleton -c skeleton --vector_source="C:/Users/11789/Desktop/ECE 550/temp/Waveform.vwf" --testbench_file="C:/Users/11789/Desktop/ECE 550/temp/simulation/qsim/Waveform.vwf.vt"
quartus_eda --write_settings_files=off --functional=off --flatten_buses=off --timescale=1ps --simulation=on --tool=modelsim_oem --format=verilog --output_directory="C:/Users/11789/Desktop/ECE 550/temp/simulation/qsim/" skeleton -c skeleton
quartus_eda --gen_testbench --tool=modelsim_oem --format=verilog --write_settings_files=off skeleton -c skeleton --vector_source="C:/Users/11789/Desktop/ECE 550/temp/Waveform.vwf" --testbench_file="C:/Users/11789/Desktop/ECE 550/temp/simulation/qsim/Waveform.vwf.vt"
quartus_eda --write_settings_files=off --functional=off --flatten_buses=off --timescale=1ps --simulation=on --tool=modelsim_oem --format=verilog --output_directory="C:/Users/11789/Desktop/ECE 550/temp/simulation/qsim/" skeleton -c skeleton
quartus_eda --gen_testbench --tool=modelsim_oem --format=verilog --write_settings_files=off skeleton -c skeleton --vector_source="C:/Users/11789/Desktop/ECE 550/temp/Waveform.vwf" --testbench_file="C:/Users/11789/Desktop/ECE 550/temp/simulation/qsim/Waveform.vwf.vt"
quartus_eda --write_settings_files=off --functional=off --flatten_buses=off --timescale=1ps --simulation=on --tool=modelsim_oem --format=verilog --output_directory="C:/Users/11789/Desktop/ECE 550/temp/simulation/qsim/" skeleton -c skeleton
quartus_eda --gen_testbench --tool=modelsim_oem --format=verilog --write_settings_files=off skeleton -c skeleton --vector_source="C:/Users/11789/Desktop/ECE 550/temp/Waveform.vwf" --testbench_file="C:/Users/11789/Desktop/ECE 550/temp/simulation/qsim/Waveform.vwf.vt"
quartus_eda --write_settings_files=off --functional=off --flatten_buses=off --timescale=1ps --simulation=on --tool=modelsim_oem --format=verilog --output_directory="C:/Users/11789/Desktop/ECE 550/temp/simulation/qsim/" skeleton -c skeleton
quartus_eda --gen_testbench --tool=modelsim_oem --format=verilog --write_settings_files=off skeleton -c skeleton --vector_source="C:/Users/11789/Desktop/ECE 550/temp/Waveform.vwf" --testbench_file="C:/Users/11789/Desktop/ECE 550/temp/simulation/qsim/Waveform.vwf.vt"
quartus_eda --write_settings_files=off --functional=off --flatten_buses=off --timescale=1ps --simulation=on --tool=modelsim_oem --format=verilog --output_directory="C:/Users/11789/Desktop/ECE 550/temp/simulation/qsim/" skeleton -c skeleton
quartus_eda --gen_testbench --tool=modelsim_oem --format=verilog --write_settings_files=off skeleton -c skeleton --vector_source="C:/Users/11789/Desktop/ECE 550/temp/Waveform.vwf" --testbench_file="C:/Users/11789/Desktop/ECE 550/temp/simulation/qsim/Waveform.vwf.vt"
quartus_eda --write_settings_files=off --functional=off --flatten_buses=off --timescale=1ps --simulation=on --tool=modelsim_oem --format=verilog --output_directory="C:/Users/11789/Desktop/ECE 550/temp/simulation/qsim/" skeleton -c skeleton
quartus_eda --gen_testbench --tool=modelsim_oem --format=verilog --write_settings_files=off skeleton -c skeleton --vector_source="C:/Users/11789/Desktop/ECE 550/temp/Waveform.vwf" --testbench_file="C:/Users/11789/Desktop/ECE 550/temp/simulation/qsim/Waveform.vwf.vt"
quartus_eda --write_settings_files=off --functional=off --flatten_buses=off --timescale=1ps --simulation=on --tool=modelsim_oem --format=verilog --output_directory="C:/Users/11789/Desktop/ECE 550/temp/simulation/qsim/" skeleton -c skeleton
quartus_eda --gen_testbench --tool=modelsim_oem --format=verilog --write_settings_files=off skeleton -c skeleton --vector_source="C:/Users/11789/Desktop/ECE 550/temp/Waveform1.vwf" --testbench_file="C:/Users/11789/Desktop/ECE 550/temp/simulation/qsim/Waveform1.vwf.vt"
quartus_eda --write_settings_files=off --functional=on --flatten_buses=off --simulation=on --tool=modelsim_oem --format=verilog --output_directory="C:/Users/11789/Desktop/ECE 550/temp/simulation/qsim/" skeleton -c skeleton



